2018-Jun-01 14:51:18.083 [main] DEBUG ApacheCommonsLog.java:39 - Jdbc Url: jdbc:h2:./target/db
2018-Jun-01 14:51:18.086 [main] DEBUG ApacheCommonsLog.java:39 - Database: H2 1.3
2018-Jun-01 14:51:18.089 [main] DEBUG ApacheCommonsLog.java:39 - DDL Transactions Supported: false
2018-Jun-01 14:51:18.098 [main] DEBUG ApacheCommonsLog.java:39 - Schema: PUBLIC
2018-Jun-01 14:51:18.109 [main] DEBUG ApacheCommonsLog.java:39 - Schema "PUBLIC" already exists. Skipping schema creation.
2018-Jun-01 14:51:18.117 [main] DEBUG ApacheCommonsLog.java:39 - Jdbc Url: jdbc:h2:./target/db
2018-Jun-01 14:51:18.118 [main] DEBUG ApacheCommonsLog.java:39 - Database: H2 1.3
2018-Jun-01 14:51:18.121 [main] INFO ApacheCommonsLog.java:43 - Creating Metadata table: "PUBLIC"."schema_version"
2018-Jun-01 14:51:18.133 [main] DEBUG ApacheCommonsLog.java:39 - Found statement at line 17: CREATE TABLE "PUBLIC"."schema_version" (
    "version_rank" INT NOT NULL,
    "installed_rank" INT NOT NULL,
    "version" VARCHAR(50) NOT NULL,
    "description" VARCHAR(200) NOT NULL,
    "type" VARCHAR(20) NOT NULL,
    "script" VARCHAR(1000) NOT NULL,
    "checksum" INT,
    "installed_by" VARCHAR(100) NOT NULL,
    "installed_on" TIMESTAMP NOT NULL DEFAULT CURRENT_TIMESTAMP,
    "execution_time" INT NOT NULL,
    "success" BOOLEAN NOT NULL
)
2018-Jun-01 14:51:18.134 [main] DEBUG ApacheCommonsLog.java:39 - Found statement at line 30: ALTER TABLE "PUBLIC"."schema_version" ADD CONSTRAINT "schema_version_pk" PRIMARY KEY ("version")
2018-Jun-01 14:51:18.134 [main] DEBUG ApacheCommonsLog.java:39 - Found statement at line 32: CREATE INDEX "PUBLIC"."schema_version_vr_idx" ON "PUBLIC"."schema_version" ("version_rank")
2018-Jun-01 14:51:18.135 [main] DEBUG ApacheCommonsLog.java:39 - Found statement at line 33: CREATE INDEX "PUBLIC"."schema_version_ir_idx" ON "PUBLIC"."schema_version" ("installed_rank")
2018-Jun-01 14:51:18.136 [main] DEBUG ApacheCommonsLog.java:39 - Found statement at line 34: CREATE INDEX "PUBLIC"."schema_version_s_idx" ON "PUBLIC"."schema_version" ("success")
2018-Jun-01 14:51:18.136 [main] DEBUG ApacheCommonsLog.java:39 - Executing SQL: CREATE TABLE "PUBLIC"."schema_version" (
    "version_rank" INT NOT NULL,
    "installed_rank" INT NOT NULL,
    "version" VARCHAR(50) NOT NULL,
    "description" VARCHAR(200) NOT NULL,
    "type" VARCHAR(20) NOT NULL,
    "script" VARCHAR(1000) NOT NULL,
    "checksum" INT,
    "installed_by" VARCHAR(100) NOT NULL,
    "installed_on" TIMESTAMP NOT NULL DEFAULT CURRENT_TIMESTAMP,
    "execution_time" INT NOT NULL,
    "success" BOOLEAN NOT NULL
)
2018-Jun-01 14:51:18.138 [main] DEBUG ApacheCommonsLog.java:39 - Executing SQL: ALTER TABLE "PUBLIC"."schema_version" ADD CONSTRAINT "schema_version_pk" PRIMARY KEY ("version")
2018-Jun-01 14:51:18.139 [main] DEBUG ApacheCommonsLog.java:39 - Executing SQL: CREATE INDEX "PUBLIC"."schema_version_vr_idx" ON "PUBLIC"."schema_version" ("version_rank")
2018-Jun-01 14:51:18.141 [main] DEBUG ApacheCommonsLog.java:39 - Executing SQL: CREATE INDEX "PUBLIC"."schema_version_ir_idx" ON "PUBLIC"."schema_version" ("installed_rank")
2018-Jun-01 14:51:18.142 [main] DEBUG ApacheCommonsLog.java:39 - Executing SQL: CREATE INDEX "PUBLIC"."schema_version_s_idx" ON "PUBLIC"."schema_version" ("success")
2018-Jun-01 14:51:18.142 [main] DEBUG ApacheCommonsLog.java:39 - Metadata table "PUBLIC"."schema_version" created.
2018-Jun-01 14:51:18.143 [main] DEBUG ApacheCommonsLog.java:39 - Locking table "PUBLIC"."schema_version"...
2018-Jun-01 14:51:18.143 [main] DEBUG ApacheCommonsLog.java:39 - Lock acquired for table "PUBLIC"."schema_version"
2018-Jun-01 14:51:18.147 [main] DEBUG ApacheCommonsLog.java:39 - Spring Jdbc available: false
2018-Jun-01 14:51:18.149 [main] DEBUG ApacheCommonsLog.java:39 - Scanning for classpath resources at 'db/migration' (Prefix: 'V', Suffix: '.sql')
2018-Jun-01 14:51:18.150 [main] DEBUG ApacheCommonsLog.java:39 - Scanning URL: file:/D:/Users/dasm8/eclipse-workspace/simple-java-database-swing-application/target/classes/db/migration
2018-Jun-01 14:51:18.150 [main] DEBUG ApacheCommonsLog.java:39 - JBoss VFS v2 available: false
2018-Jun-01 14:51:18.152 [main] DEBUG ApacheCommonsLog.java:39 - Scanning starting at classpath root in filesystem: /D:/Users/dasm8/eclipse-workspace/simple-java-database-swing-application/target/classes/
2018-Jun-01 14:51:18.152 [main] DEBUG ApacheCommonsLog.java:39 - Scanning for resources in path: D:\Users\dasm8\eclipse-workspace\simple-java-database-swing-application\target\classes\db\migration (db/migration)
2018-Jun-01 14:51:18.155 [main] DEBUG ApacheCommonsLog.java:39 - Found resource: db/migration/V1__initial_db.sql
2018-Jun-01 14:51:18.155 [main] DEBUG ApacheCommonsLog.java:39 - Found resource: db/migration/V2__update_db.sql
2018-Jun-01 14:51:18.159 [main] DEBUG ApacheCommonsLog.java:39 - Scanning for classes at 'db/migration' (Implementing: 'com.googlecode.flyway.core.api.migration.jdbc.JdbcMigration')
2018-Jun-01 14:51:18.159 [main] DEBUG ApacheCommonsLog.java:39 - Scanning URL: file:/D:/Users/dasm8/eclipse-workspace/simple-java-database-swing-application/target/classes/db/migration
2018-Jun-01 14:51:18.160 [main] DEBUG ApacheCommonsLog.java:39 - Scanning starting at classpath root in filesystem: /D:/Users/dasm8/eclipse-workspace/simple-java-database-swing-application/target/classes/
2018-Jun-01 14:51:18.160 [main] DEBUG ApacheCommonsLog.java:39 - Scanning for resources in path: D:\Users\dasm8\eclipse-workspace\simple-java-database-swing-application\target\classes\db\migration (db/migration)
2018-Jun-01 14:51:18.160 [main] DEBUG ApacheCommonsLog.java:39 - Filtering out resource: db/migration/V1__initial_db.sql (filename: V1__initial_db.sql)
2018-Jun-01 14:51:18.161 [main] DEBUG ApacheCommonsLog.java:39 - Filtering out resource: db/migration/V2__update_db.sql (filename: V2__update_db.sql)
2018-Jun-01 14:51:18.174 [main] DEBUG ApacheCommonsLog.java:39 - No upgrade to the Flyway 2.0 format necessary for metadata table "PUBLIC"."schema_version"
2018-Jun-01 14:51:18.199 [main] DEBUG ApacheCommonsLog.java:39 - No metadata table upgrade to the Flyway 2.0.2 format necessary
2018-Jun-01 14:51:18.201 [main] DEBUG ApacheCommonsLog.java:39 - No metadata table upgrade to the Flyway 2.1 format necessary
2018-Jun-01 14:51:18.204 [main] INFO ApacheCommonsLog.java:43 - Current version of schema "PUBLIC": << Empty Schema >>
2018-Jun-01 14:51:18.205 [main] INFO ApacheCommonsLog.java:43 - Migrating schema "PUBLIC" to version 1
2018-Jun-01 14:51:18.207 [main] DEBUG ApacheCommonsLog.java:39 - Found statement at line 2: CREATE TABLE contacts (
	id bigint auto_increment NOT NULL,
	name varchar(120) NOT NULL,
	primary key(id)
)
2018-Jun-01 14:51:18.207 [main] DEBUG ApacheCommonsLog.java:39 - Executing SQL: CREATE TABLE contacts (
	id bigint auto_increment NOT NULL,
	name varchar(120) NOT NULL,
	primary key(id)
)
2018-Jun-01 14:51:18.209 [main] DEBUG ApacheCommonsLog.java:39 - Successfully completed and committed migration of schema "PUBLIC" to version 1
2018-Jun-01 14:51:18.218 [main] DEBUG ApacheCommonsLog.java:39 - MetaData table "PUBLIC"."schema_version" successfully updated to reflect changes
2018-Jun-01 14:51:18.219 [main] DEBUG ApacheCommonsLog.java:39 - Locking table "PUBLIC"."schema_version"...
2018-Jun-01 14:51:18.219 [main] DEBUG ApacheCommonsLog.java:39 - Lock acquired for table "PUBLIC"."schema_version"
2018-Jun-01 14:51:18.223 [main] INFO ApacheCommonsLog.java:43 - Migrating schema "PUBLIC" to version 2
2018-Jun-01 14:51:18.223 [main] DEBUG ApacheCommonsLog.java:39 - Found statement at line 2: ALTER TABLE contacts ADD COLUMN contacts varchar(255)
2018-Jun-01 14:51:18.224 [main] DEBUG ApacheCommonsLog.java:39 - Executing SQL: ALTER TABLE contacts ADD COLUMN contacts varchar(255)
2018-Jun-01 14:51:18.231 [main] DEBUG ApacheCommonsLog.java:39 - Successfully completed and committed migration of schema "PUBLIC" to version 2
2018-Jun-01 14:51:18.234 [main] DEBUG ApacheCommonsLog.java:39 - MetaData table "PUBLIC"."schema_version" successfully updated to reflect changes
2018-Jun-01 14:51:18.236 [main] DEBUG ApacheCommonsLog.java:39 - Locking table "PUBLIC"."schema_version"...
2018-Jun-01 14:51:18.237 [main] DEBUG ApacheCommonsLog.java:39 - Lock acquired for table "PUBLIC"."schema_version"
2018-Jun-01 14:51:18.243 [main] INFO ApacheCommonsLog.java:43 - Successfully applied 2 migrations to schema "PUBLIC" (execution time 00:00.121s).
2018-Jun-01 14:52:51.168 [main] DEBUG ApacheCommonsLog.java:39 - Jdbc Url: jdbc:h2:./target/db
2018-Jun-01 14:52:51.171 [main] DEBUG ApacheCommonsLog.java:39 - Database: H2 1.3
2018-Jun-01 14:52:51.174 [main] DEBUG ApacheCommonsLog.java:39 - DDL Transactions Supported: false
2018-Jun-01 14:52:51.184 [main] DEBUG ApacheCommonsLog.java:39 - Schema: PUBLIC
2018-Jun-01 14:52:51.194 [main] DEBUG ApacheCommonsLog.java:39 - Schema "PUBLIC" already exists. Skipping schema creation.
2018-Jun-01 14:52:51.203 [main] DEBUG ApacheCommonsLog.java:39 - No upgrade to the Flyway 2.0 format necessary for metadata table "PUBLIC"."schema_version"
2018-Jun-01 14:52:51.207 [main] DEBUG ApacheCommonsLog.java:39 - No metadata table upgrade to the Flyway 2.0.2 format necessary
2018-Jun-01 14:52:51.210 [main] DEBUG ApacheCommonsLog.java:39 - No metadata table upgrade to the Flyway 2.1 format necessary
2018-Jun-01 14:52:51.216 [main] DEBUG ApacheCommonsLog.java:39 - Jdbc Url: jdbc:h2:./target/db
2018-Jun-01 14:52:51.216 [main] DEBUG ApacheCommonsLog.java:39 - Database: H2 1.3
2018-Jun-01 14:52:51.220 [main] DEBUG ApacheCommonsLog.java:39 - Locking table "PUBLIC"."schema_version"...
2018-Jun-01 14:52:51.220 [main] DEBUG ApacheCommonsLog.java:39 - Lock acquired for table "PUBLIC"."schema_version"
2018-Jun-01 14:52:51.225 [main] DEBUG ApacheCommonsLog.java:39 - Spring Jdbc available: false
2018-Jun-01 14:52:51.226 [main] DEBUG ApacheCommonsLog.java:39 - Scanning for classpath resources at 'db/migration' (Prefix: 'V', Suffix: '.sql')
2018-Jun-01 14:52:51.228 [main] DEBUG ApacheCommonsLog.java:39 - Scanning URL: file:/D:/Users/dasm8/eclipse-workspace/simple-java-database-swing-application/target/classes/db/migration
2018-Jun-01 14:52:51.229 [main] DEBUG ApacheCommonsLog.java:39 - JBoss VFS v2 available: false
2018-Jun-01 14:52:51.233 [main] DEBUG ApacheCommonsLog.java:39 - Scanning starting at classpath root in filesystem: /D:/Users/dasm8/eclipse-workspace/simple-java-database-swing-application/target/classes/
2018-Jun-01 14:52:51.234 [main] DEBUG ApacheCommonsLog.java:39 - Scanning for resources in path: D:\Users\dasm8\eclipse-workspace\simple-java-database-swing-application\target\classes\db\migration (db/migration)
2018-Jun-01 14:52:51.237 [main] DEBUG ApacheCommonsLog.java:39 - Found resource: db/migration/V1__initial_db.sql
2018-Jun-01 14:52:51.237 [main] DEBUG ApacheCommonsLog.java:39 - Found resource: db/migration/V2__update_db.sql
2018-Jun-01 14:52:51.242 [main] DEBUG ApacheCommonsLog.java:39 - Scanning for classes at 'db/migration' (Implementing: 'com.googlecode.flyway.core.api.migration.jdbc.JdbcMigration')
2018-Jun-01 14:52:51.242 [main] DEBUG ApacheCommonsLog.java:39 - Scanning URL: file:/D:/Users/dasm8/eclipse-workspace/simple-java-database-swing-application/target/classes/db/migration
2018-Jun-01 14:52:51.242 [main] DEBUG ApacheCommonsLog.java:39 - Scanning starting at classpath root in filesystem: /D:/Users/dasm8/eclipse-workspace/simple-java-database-swing-application/target/classes/
2018-Jun-01 14:52:51.243 [main] DEBUG ApacheCommonsLog.java:39 - Scanning for resources in path: D:\Users\dasm8\eclipse-workspace\simple-java-database-swing-application\target\classes\db\migration (db/migration)
2018-Jun-01 14:52:51.243 [main] DEBUG ApacheCommonsLog.java:39 - Filtering out resource: db/migration/V1__initial_db.sql (filename: V1__initial_db.sql)
2018-Jun-01 14:52:51.244 [main] DEBUG ApacheCommonsLog.java:39 - Filtering out resource: db/migration/V2__update_db.sql (filename: V2__update_db.sql)
2018-Jun-01 14:52:51.251 [main] INFO ApacheCommonsLog.java:43 - Current version of schema "PUBLIC": 2
2018-Jun-01 14:52:51.252 [main] INFO ApacheCommonsLog.java:43 - Schema "PUBLIC" is up to date. No migration necessary.
2018-Jun-01 15:03:42.868 [main] DEBUG Main.java:18 - Creating the data source
2018-Jun-01 15:03:42.884 [main] DEBUG Main.java:26 - Executing Flyway (database migration)
2018-Jun-01 15:03:43.315 [main] DEBUG ApacheCommonsLog.java:39 - Jdbc Url: jdbc:h2:./target/db
2018-Jun-01 15:03:43.315 [main] DEBUG ApacheCommonsLog.java:39 - Database: H2 1.3
2018-Jun-01 15:03:43.315 [main] DEBUG ApacheCommonsLog.java:39 - DDL Transactions Supported: false
2018-Jun-01 15:03:43.330 [main] DEBUG ApacheCommonsLog.java:39 - Schema: PUBLIC
2018-Jun-01 15:03:43.330 [main] DEBUG ApacheCommonsLog.java:39 - Schema "PUBLIC" already exists. Skipping schema creation.
2018-Jun-01 15:03:43.346 [main] DEBUG ApacheCommonsLog.java:39 - No upgrade to the Flyway 2.0 format necessary for metadata table "PUBLIC"."schema_version"
2018-Jun-01 15:03:43.346 [main] DEBUG ApacheCommonsLog.java:39 - No metadata table upgrade to the Flyway 2.0.2 format necessary
2018-Jun-01 15:03:43.346 [main] DEBUG ApacheCommonsLog.java:39 - No metadata table upgrade to the Flyway 2.1 format necessary
2018-Jun-01 15:03:43.362 [main] DEBUG ApacheCommonsLog.java:39 - Jdbc Url: jdbc:h2:./target/db
2018-Jun-01 15:03:43.362 [main] DEBUG ApacheCommonsLog.java:39 - Database: H2 1.3
2018-Jun-01 15:03:43.362 [main] DEBUG ApacheCommonsLog.java:39 - Locking table "PUBLIC"."schema_version"...
2018-Jun-01 15:03:43.362 [main] DEBUG ApacheCommonsLog.java:39 - Lock acquired for table "PUBLIC"."schema_version"
2018-Jun-01 15:03:43.362 [main] DEBUG ApacheCommonsLog.java:39 - Spring Jdbc available: false
2018-Jun-01 15:03:43.362 [main] DEBUG ApacheCommonsLog.java:39 - Scanning for classpath resources at 'db/migration' (Prefix: 'V', Suffix: '.sql')
2018-Jun-01 15:03:43.362 [main] DEBUG ApacheCommonsLog.java:39 - Scanning URL: file:/D:/Users/dasm8/eclipse-workspace/simple-java-database-swing-application/target/classes/db/migration
2018-Jun-01 15:03:43.362 [main] DEBUG ApacheCommonsLog.java:39 - JBoss VFS v2 available: false
2018-Jun-01 15:03:43.377 [main] DEBUG ApacheCommonsLog.java:39 - Scanning starting at classpath root in filesystem: /D:/Users/dasm8/eclipse-workspace/simple-java-database-swing-application/target/classes/
2018-Jun-01 15:03:43.377 [main] DEBUG ApacheCommonsLog.java:39 - Scanning for resources in path: D:\Users\dasm8\eclipse-workspace\simple-java-database-swing-application\target\classes\db\migration (db/migration)
2018-Jun-01 15:03:43.377 [main] DEBUG ApacheCommonsLog.java:39 - Found resource: db/migration/V1__initial_db.sql
2018-Jun-01 15:03:43.377 [main] DEBUG ApacheCommonsLog.java:39 - Found resource: db/migration/V2__update_db.sql
2018-Jun-01 15:03:43.377 [main] DEBUG ApacheCommonsLog.java:39 - Scanning for classes at 'db/migration' (Implementing: 'com.googlecode.flyway.core.api.migration.jdbc.JdbcMigration')
2018-Jun-01 15:03:43.377 [main] DEBUG ApacheCommonsLog.java:39 - Scanning URL: file:/D:/Users/dasm8/eclipse-workspace/simple-java-database-swing-application/target/classes/db/migration
2018-Jun-01 15:03:43.377 [main] DEBUG ApacheCommonsLog.java:39 - Scanning starting at classpath root in filesystem: /D:/Users/dasm8/eclipse-workspace/simple-java-database-swing-application/target/classes/
2018-Jun-01 15:03:43.377 [main] DEBUG ApacheCommonsLog.java:39 - Scanning for resources in path: D:\Users\dasm8\eclipse-workspace\simple-java-database-swing-application\target\classes\db\migration (db/migration)
2018-Jun-01 15:03:43.377 [main] DEBUG ApacheCommonsLog.java:39 - Filtering out resource: db/migration/V1__initial_db.sql (filename: V1__initial_db.sql)
2018-Jun-01 15:03:43.377 [main] DEBUG ApacheCommonsLog.java:39 - Filtering out resource: db/migration/V2__update_db.sql (filename: V2__update_db.sql)
2018-Jun-01 15:03:43.393 [main] INFO ApacheCommonsLog.java:43 - Current version of schema "PUBLIC": 2
2018-Jun-01 15:03:43.393 [main] INFO ApacheCommonsLog.java:43 - Schema "PUBLIC" is up to date. No migration necessary.
2018-Jun-01 15:03:43.393 [main] DEBUG Main.java:34 - Contacts
2018-Jun-01 15:03:43.393 [main] DEBUG Main.java:37 -   >> [1] Albert Attard (albert@javacreed.com)
2018-Jun-01 15:03:43.393 [main] DEBUG Main.java:37 -   >> [2] Albert Attard (albert@javacreed.com)
2018-Jun-01 15:03:43.393 [main] DEBUG Main.java:37 -   >> [3] Albert Attard (albert@javacreed.com)
2018-Jun-01 15:04:00.483 [main] DEBUG Main.java:18 - Creating the data source
2018-Jun-01 15:04:00.498 [main] DEBUG Main.java:26 - Executing Flyway (database migration)
2018-Jun-01 15:04:01.076 [main] DEBUG Main.java:34 - Contacts
2018-Jun-01 15:04:01.092 [main] DEBUG Main.java:37 -   >> [1] Albert Attard (albert@javacreed.com)
2018-Jun-01 15:04:01.092 [main] DEBUG Main.java:37 -   >> [2] Albert Attard (albert@javacreed.com)
2018-Jun-01 15:04:01.092 [main] DEBUG Main.java:37 -   >> [3] Albert Attard (albert@javacreed.com)
2018-Jun-01 15:04:01.092 [main] DEBUG Main.java:37 -   >> [4] Albert Attard (albert@javacreed.com)
2018-Jun-01 15:07:26.980 [main] DEBUG Main.java:18 - Creating the data source
2018-Jun-01 15:07:27.012 [main] DEBUG Main.java:26 - Executing Flyway (database migration)
2018-Jun-01 15:07:27.590 [main] DEBUG Main.java:34 - Contacts
2018-Jun-01 15:07:27.590 [main] DEBUG Main.java:37 -   >> [1] Albert Attard (albert@javacreed.com)
2018-Jun-01 15:07:27.590 [main] DEBUG Main.java:37 -   >> [2] Albert Attard (albert@javacreed.com)
2018-Jun-01 15:07:27.590 [main] DEBUG Main.java:37 -   >> [3] Albert Attard (albert@javacreed.com)
2018-Jun-01 15:07:27.590 [main] DEBUG Main.java:37 -   >> [4] Albert Attard (albert@javacreed.com)
2018-Jun-01 15:07:27.590 [main] DEBUG Main.java:37 -   >> [5] Dave Smith (dsmavisto@gmail.com)
2018-Jun-01 16:35:26.294 [main] DEBUG DbHelper.java:31 - Creating the data source
2018-Jun-01 16:35:26.309 [main] DEBUG DbHelper.java:38 - Executing Flyway (database migration)
2018-Jun-01 16:35:26.861 [main] DEBUG DbHelper.java:50 - Closing the data source
2018-Jun-01 16:35:26.893 [main] INFO Main.java:25 - Done
2018-Jun-04 09:42:41.071 [main] DEBUG DbHelper.java:31 - Creating the data source
2018-Jun-04 09:42:41.093 [main] DEBUG DbHelper.java:38 - Executing Flyway (database migration)
2018-Jun-04 09:42:41.736 [main] ERROR Main.java:33 - Failed to save the contact
org.h2.jdbc.JdbcSQLException: Data conversion error converting "Albert Attard" [22018-173]
	at org.h2.message.DbException.getJdbcSQLException(DbException.java:331)
	at org.h2.message.DbException.get(DbException.java:160)
	at org.h2.value.Value.convertTo(Value.java:869)
	at org.h2.value.Value.getInt(Value.java:427)
	at org.h2.jdbc.JdbcResultSet.getInt(JdbcResultSet.java:330)
	at org.apache.commons.dbcp.DelegatingResultSet.getInt(DelegatingResultSet.java:275)
	at org.apache.commons.dbcp.DelegatingResultSet.getInt(DelegatingResultSet.java:275)
	at com.mavisto.examples.app.Main.main(Main.java:28)
Caused by: java.lang.NumberFormatException: For input string: "Albert Attard"
	at java.lang.NumberFormatException.forInputString(NumberFormatException.java:65)
	at java.lang.Integer.parseInt(Integer.java:580)
	at java.lang.Integer.parseInt(Integer.java:615)
	at org.h2.value.Value.convertTo(Value.java:824)
	... 5 more
2018-Jun-04 09:42:41.741 [main] DEBUG DbHelper.java:50 - Closing the data source
2018-Jun-04 09:42:41.791 [main] INFO Main.java:38 - Done
2018-Jun-04 09:45:44.541 [main] DEBUG DbHelper.java:31 - Creating the data source
2018-Jun-04 09:45:44.558 [main] DEBUG DbHelper.java:38 - Executing Flyway (database migration)
2018-Jun-04 09:45:45.139 [main] ERROR Main.java:33 - Failed to save the contact
org.h2.jdbc.JdbcSQLException: Data conversion error converting "Dave Smith" [22018-173]
	at org.h2.message.DbException.getJdbcSQLException(DbException.java:331)
	at org.h2.message.DbException.get(DbException.java:160)
	at org.h2.value.Value.convertTo(Value.java:869)
	at org.h2.value.Value.getInt(Value.java:427)
	at org.h2.jdbc.JdbcResultSet.getInt(JdbcResultSet.java:330)
	at org.apache.commons.dbcp.DelegatingResultSet.getInt(DelegatingResultSet.java:275)
	at org.apache.commons.dbcp.DelegatingResultSet.getInt(DelegatingResultSet.java:275)
	at com.mavisto.examples.app.Main.main(Main.java:28)
Caused by: java.lang.NumberFormatException: For input string: "Dave Smith"
	at java.lang.NumberFormatException.forInputString(NumberFormatException.java:65)
	at java.lang.Integer.parseInt(Integer.java:580)
	at java.lang.Integer.parseInt(Integer.java:615)
	at org.h2.value.Value.convertTo(Value.java:824)
	... 5 more
2018-Jun-04 09:45:45.142 [main] DEBUG DbHelper.java:50 - Closing the data source
2018-Jun-04 09:45:45.176 [main] INFO Main.java:38 - Done
2018-Jun-04 09:48:27.886 [main] DEBUG DbHelper.java:31 - Creating the data source
2018-Jun-04 09:48:27.902 [main] DEBUG DbHelper.java:38 - Executing Flyway (database migration)
2018-Jun-04 09:48:28.404 [main] DEBUG Main.java:27 -  >> [1] Dave Smith (dsmavisti@gmail.com)
2018-Jun-04 09:48:28.405 [main] DEBUG Main.java:27 -  >> [2] Dave Smith (dsmavisti@gmail.com)
2018-Jun-04 09:48:28.405 [main] DEBUG DbHelper.java:50 - Closing the data source
2018-Jun-04 09:48:28.440 [main] INFO Main.java:37 - Done
2018-Jun-04 09:52:20.227 [main] DEBUG DbHelper.java:31 - Creating the data source
2018-Jun-04 09:52:20.242 [main] DEBUG DbHelper.java:38 - Executing Flyway (database migration)
2018-Jun-04 09:52:20.806 [main] DEBUG Main.java:27 -  >> [1] Dave Smith (dsmavisti@gmail.com)
2018-Jun-04 09:52:20.806 [main] DEBUG DbHelper.java:50 - Closing the data source
2018-Jun-04 09:52:20.822 [main] INFO Main.java:37 - Done
2018-Jun-04 10:23:17.269 [main] DEBUG DbHelper.java:31 - Creating the data source
2018-Jun-04 10:23:17.300 [main] DEBUG DbHelper.java:38 - Executing Flyway (database migration)
2018-Jun-04 10:23:17.939 [main] DEBUG DbHelper.java:50 - Closing the data source
2018-Jun-04 10:26:18.441 [main] DEBUG DbHelper.java:31 - Creating the data source
2018-Jun-04 10:26:18.457 [main] DEBUG DbHelper.java:38 - Executing Flyway (database migration)
2018-Jun-04 10:26:19.041 [main] DEBUG DbHelper.java:50 - Closing the data source
2018-Jun-04 10:31:10.261 [main] DEBUG DbHelper.java:31 - Creating the data source
2018-Jun-04 10:31:10.276 [main] DEBUG DbHelper.java:38 - Executing Flyway (database migration)
2018-Jun-04 10:31:10.801 [main] DEBUG DbHelper.java:50 - Closing the data source
2018-Jun-04 10:32:47.097 [main] DEBUG DbHelper.java:31 - Creating the data source
2018-Jun-04 10:32:47.113 [main] DEBUG DbHelper.java:38 - Executing Flyway (database migration)
2018-Jun-04 10:32:47.650 [main] DEBUG DbHelper.java:50 - Closing the data source
2018-Jun-04 10:33:52.879 [main] DEBUG DbHelper.java:31 - Creating the data source
2018-Jun-04 10:33:52.894 [main] DEBUG DbHelper.java:38 - Executing Flyway (database migration)
2018-Jun-04 10:33:53.453 [main] DEBUG DbHelper.java:50 - Closing the data source
2018-Jun-04 10:35:30.399 [main] DEBUG DbHelper.java:31 - Creating the data source
2018-Jun-04 10:35:30.415 [main] DEBUG DbHelper.java:38 - Executing Flyway (database migration)
2018-Jun-04 10:35:30.934 [main] DEBUG DbHelper.java:50 - Closing the data source
2018-Jun-04 10:36:02.505 [main] DEBUG DbHelper.java:31 - Creating the data source
2018-Jun-04 10:36:02.531 [main] DEBUG DbHelper.java:38 - Executing Flyway (database migration)
2018-Jun-04 10:36:03.032 [main] DEBUG DbHelper.java:50 - Closing the data source
2018-Jul-05 11:39:59.207 [main] DEBUG DbHelper.java:31 - Creating the data source
2018-Jul-05 11:39:59.237 [main] DEBUG DbHelper.java:38 - Executing Flyway (database migration)
2018-Jul-05 11:39:59.750 [main] DEBUG DbHelper.java:50 - Closing the data source
2018-Jul-05 15:39:08.595 [main] DEBUG DbHelper.java:31 - Creating the data source
2018-Jul-05 15:39:08.611 [main] DEBUG DbHelper.java:38 - Executing Flyway (database migration)
2018-Jul-05 15:39:09.087 [main] DEBUG Main.java:23 -  >> [1] Dave Smith (dsmavisti@gmail.com)
2018-Jul-05 15:39:09.087 [main] DEBUG Main.java:23 -  >> [2] Dave Smith (dsmavisti@gmail.com)
2018-Jul-05 15:39:09.087 [main] DEBUG DbHelper.java:50 - Closing the data source
2018-Jul-05 15:39:09.103 [main] INFO Main.java:33 - Done
2018-Jul-05 15:39:26.149 [main] DEBUG DbHelper.java:31 - Creating the data source
2018-Jul-05 15:39:26.180 [main] DEBUG DbHelper.java:38 - Executing Flyway (database migration)
2018-Jul-05 15:39:26.654 [main] DEBUG Main.java:23 -  >> [1] Dave Smith (dsmavisti@gmail.com)
2018-Jul-05 15:39:26.654 [main] DEBUG Main.java:23 -  >> [2] Dave Smith (dsmavisti@gmail.com)
2018-Jul-05 15:39:26.654 [main] DEBUG Main.java:23 -  >> [3] Dave Smith (dsmavisti@gmail.com)
2018-Jul-05 15:39:26.654 [main] DEBUG DbHelper.java:50 - Closing the data source
2018-Jul-05 15:39:26.669 [main] INFO Main.java:33 - Done
2018-Jul-05 15:59:45.434 [main] DEBUG DbHelper.java:31 - Creating the data source
2018-Jul-05 15:59:45.450 [main] DEBUG DbHelper.java:38 - Executing Flyway (database migration)
2018-Jul-05 16:05:32.084 [main] DEBUG DbHelper.java:31 - Creating the data source
2018-Jul-05 16:05:32.100 [main] DEBUG DbHelper.java:38 - Executing Flyway (database migration)
2018-Jul-05 16:12:45.650 [main] DEBUG DbHelper.java:31 - Creating the data source
2018-Jul-05 16:12:45.666 [main] DEBUG DbHelper.java:38 - Executing Flyway (database migration)
2018-Jul-05 16:33:57.777 [main] DEBUG DbHelper.java:31 - Creating the data source
2018-Jul-05 16:33:57.793 [main] DEBUG DbHelper.java:38 - Executing Flyway (database migration)
2018-Jul-05 16:33:58.287 [main] DEBUG DbHelper.java:50 - Closing the data source
2018-Jul-05 16:35:47.274 [main] DEBUG DbHelper.java:31 - Creating the data source
2018-Jul-05 16:35:47.290 [main] DEBUG DbHelper.java:38 - Executing Flyway (database migration)
2018-Jul-05 16:35:47.782 [main] DEBUG DbHelper.java:50 - Closing the data source
2018-Jul-05 16:38:22.919 [main] DEBUG DbHelper.java:31 - Creating the data source
2018-Jul-05 16:38:22.950 [main] DEBUG DbHelper.java:38 - Executing Flyway (database migration)
2018-Jul-05 16:38:23.445 [main] DEBUG DbHelper.java:50 - Closing the data source
2018-Jul-05 16:47:01.632 [main] DEBUG DbHelper.java:31 - Creating the data source
2018-Jul-05 16:47:01.648 [main] DEBUG DbHelper.java:38 - Executing Flyway (database migration)
2018-Jul-05 16:47:02.180 [main] DEBUG DbHelper.java:50 - Closing the data source
2018-Jul-05 16:47:56.522 [main] DEBUG DbHelper.java:31 - Creating the data source
2018-Jul-05 16:47:56.553 [main] DEBUG DbHelper.java:38 - Executing Flyway (database migration)
2018-Jul-05 16:47:57.060 [main] DEBUG DbHelper.java:50 - Closing the data source
2018-Jul-05 16:48:47.060 [main] DEBUG DbHelper.java:31 - Creating the data source
2018-Jul-05 16:48:47.076 [main] DEBUG DbHelper.java:38 - Executing Flyway (database migration)
2018-Jul-05 16:48:47.565 [main] DEBUG DbHelper.java:50 - Closing the data source
2018-Jul-09 12:00:51.674 [main] DEBUG DbHelper.java:31 - Creating the data source
2018-Jul-09 12:00:51.705 [main] DEBUG DbHelper.java:38 - Executing Flyway (database migration)
2018-Jul-09 12:00:52.322 [main] DEBUG DbHelper.java:50 - Closing the data source
2018-Jul-09 12:19:26.127 [main] DEBUG DbHelper.java:31 - Creating the data source
2018-Jul-09 12:19:26.158 [main] DEBUG DbHelper.java:38 - Executing Flyway (database migration)
2018-Jul-09 12:19:26.651 [main] DEBUG DbHelper.java:50 - Closing the data source
2018-Jul-09 12:19:26.685 [main] DEBUG DbHelper.java:31 - Creating the data source
2018-Jul-09 12:19:26.685 [main] DEBUG DbHelper.java:38 - Executing Flyway (database migration)
2018-Jul-09 12:19:26.825 [main] DEBUG DbHelper.java:50 - Closing the data source
2018-Jul-09 12:20:25.439 [main] DEBUG DbHelper.java:31 - Creating the data source
2018-Jul-09 12:20:25.470 [main] DEBUG DbHelper.java:38 - Executing Flyway (database migration)
2018-Jul-09 12:20:25.952 [main] DEBUG DbHelper.java:50 - Closing the data source
2018-Jul-09 12:20:25.973 [main] DEBUG DbHelper.java:31 - Creating the data source
2018-Jul-09 12:20:25.973 [main] DEBUG DbHelper.java:38 - Executing Flyway (database migration)
2018-Jul-09 12:20:26.124 [main] DEBUG DbHelper.java:50 - Closing the data source
2018-Jul-09 12:23:16.276 [main] DEBUG DbHelper.java:31 - Creating the data source
2018-Jul-09 12:23:16.307 [main] DEBUG DbHelper.java:38 - Executing Flyway (database migration)
2018-Jul-09 12:23:16.766 [main] DEBUG DbHelper.java:50 - Closing the data source
2018-Jul-09 12:23:16.804 [main] DEBUG DbHelper.java:31 - Creating the data source
2018-Jul-09 12:23:16.804 [main] DEBUG DbHelper.java:38 - Executing Flyway (database migration)
2018-Jul-09 12:23:16.997 [main] DEBUG DbHelper.java:50 - Closing the data source
2018-Jul-09 12:37:38.601 [main] DEBUG DbHelper.java:31 - Creating the data source
2018-Jul-09 12:37:38.632 [main] DEBUG DbHelper.java:38 - Executing Flyway (database migration)
2018-Jul-09 12:37:39.310 [AWT-EventQueue-0] DEBUG Main.java:22 - Starting application
2018-Jul-09 12:43:18.692 [main] DEBUG DbHelper.java:31 - Creating the data source
2018-Jul-09 12:43:18.723 [main] DEBUG DbHelper.java:38 - Executing Flyway (database migration)
2018-Jul-09 12:43:19.265 [AWT-EventQueue-0] DEBUG Main.java:22 - Starting application
2018-Jul-09 12:50:18.768 [main] DEBUG DbHelper.java:31 - Creating the data source
2018-Jul-09 12:50:18.799 [main] DEBUG DbHelper.java:38 - Executing Flyway (database migration)
2018-Jul-09 12:50:19.349 [AWT-EventQueue-0] DEBUG Main.java:26 - Starting application
2018-Jul-09 12:50:24.296 [Thread-2] DEBUG DbHelper.java:50 - Closing the data source
2018-Jul-09 12:52:11.980 [main] DEBUG DbHelper.java:31 - Creating the data source
2018-Jul-09 12:52:11.995 [main] DEBUG DbHelper.java:38 - Executing Flyway (database migration)
2018-Jul-09 12:52:12.573 [AWT-EventQueue-0] DEBUG Main.java:26 - Starting application
2018-Jul-09 12:52:15.042 [DB-Helper-Thread] DEBUG DbHelper.java:50 - Closing the data source
2018-Jul-09 12:53:03.746 [main] DEBUG DbHelper.java:31 - Creating the data source
2018-Jul-09 12:53:03.777 [main] DEBUG DbHelper.java:38 - Executing Flyway (database migration)
2018-Jul-09 12:53:04.425 [AWT-EventQueue-0] DEBUG Main.java:26 - Starting application
2018-Jul-09 12:53:07.347 [Thread-2] DEBUG DbHelper.java:50 - Closing the data source
2018-Jul-09 13:00:37.766 [main] DEBUG DbHelper.java:31 - Creating the data source
2018-Jul-09 13:00:37.797 [main] DEBUG DbHelper.java:38 - Executing Flyway (database migration)
2018-Jul-09 13:00:38.452 [AWT-EventQueue-0] DEBUG Main.java:26 - Starting application
2018-Jul-09 13:01:14.960 [Thread-2] DEBUG DbHelper.java:50 - Closing the data source
2018-Jul-09 14:24:35.663 [main] DEBUG DbHelper.java:31 - Creating the data source
2018-Jul-09 14:24:35.679 [main] DEBUG DbHelper.java:38 - Executing Flyway (database migration)
2018-Jul-09 14:24:36.218 [AWT-EventQueue-0] DEBUG Main.java:26 - Starting application
2018-Jul-09 14:28:12.174 [main] DEBUG DbHelper.java:31 - Creating the data source
2018-Jul-09 14:28:12.205 [main] DEBUG DbHelper.java:38 - Executing Flyway (database migration)
2018-Jul-09 14:28:26.790 [Thread-2] DEBUG DbHelper.java:50 - Closing the data source
2018-Jul-09 14:28:37.038 [main] DEBUG DbHelper.java:31 - Creating the data source
2018-Jul-09 14:28:37.069 [main] DEBUG DbHelper.java:38 - Executing Flyway (database migration)
2018-Jul-09 14:28:37.639 [AWT-EventQueue-0] DEBUG Main.java:26 - Starting application
2018-Jul-09 14:28:59.519 [Thread-2] DEBUG DbHelper.java:50 - Closing the data source
2018-Jul-09 14:31:04.362 [main] DEBUG DbHelper.java:31 - Creating the data source
2018-Jul-09 14:31:04.377 [main] DEBUG DbHelper.java:38 - Executing Flyway (database migration)
2018-Jul-09 14:31:04.925 [AWT-EventQueue-0] DEBUG Main.java:26 - Starting application
2018-Jul-09 14:32:36.555 [Thread-2] DEBUG DbHelper.java:50 - Closing the data source
2018-Jul-09 14:34:58.346 [main] DEBUG DbHelper.java:31 - Creating the data source
2018-Jul-09 14:34:58.377 [main] DEBUG DbHelper.java:38 - Executing Flyway (database migration)
2018-Jul-09 14:34:58.929 [AWT-EventQueue-0] DEBUG Main.java:26 - Starting application
2018-Jul-09 14:35:03.632 [Thread-2] DEBUG DbHelper.java:50 - Closing the data source
2018-Jul-09 14:38:44.202 [main] DEBUG DbHelper.java:31 - Creating the data source
2018-Jul-09 14:38:44.233 [main] DEBUG DbHelper.java:38 - Executing Flyway (database migration)
2018-Jul-09 14:38:44.829 [AWT-EventQueue-0] DEBUG Main.java:26 - Starting application
2018-Jul-09 14:38:48.122 [Thread-2] DEBUG DbHelper.java:50 - Closing the data source
2018-Jul-09 14:56:39.648 [main] DEBUG DbHelper.java:31 - Creating the data source
2018-Jul-09 14:56:39.680 [main] DEBUG DbHelper.java:38 - Executing Flyway (database migration)
2018-Jul-09 14:56:40.200 [AWT-EventQueue-0] DEBUG Main.java:26 - Starting application
2018-Jul-09 14:56:44.063 [Thread-2] DEBUG DbHelper.java:50 - Closing the data source
2018-Jul-09 15:38:44.824 [main] DEBUG DbHelper.java:31 - Creating the data source
2018-Jul-09 15:38:44.856 [main] DEBUG DbHelper.java:38 - Executing Flyway (database migration)
2018-Jul-09 15:38:45.428 [AWT-EventQueue-0] DEBUG Main.java:26 - Starting application
2018-Jul-09 15:38:46.567 [Thread-2] DEBUG DbHelper.java:50 - Closing the data source
2018-Jul-09 15:41:53.883 [main] DEBUG DbHelper.java:31 - Creating the data source
2018-Jul-09 15:41:53.899 [main] DEBUG DbHelper.java:38 - Executing Flyway (database migration)
2018-Jul-09 15:41:54.433 [AWT-EventQueue-0] DEBUG Main.java:26 - Starting application
2018-Jul-09 15:42:09.449 [Thread-2] DEBUG DbHelper.java:50 - Closing the data source
2018-Jul-09 15:42:48.078 [main] DEBUG DbHelper.java:31 - Creating the data source
2018-Jul-09 15:42:48.093 [main] DEBUG DbHelper.java:38 - Executing Flyway (database migration)
2018-Jul-09 15:42:48.669 [AWT-EventQueue-0] DEBUG Main.java:26 - Starting application
2018-Jul-09 15:42:59.292 [Thread-2] DEBUG DbHelper.java:50 - Closing the data source
2018-Jul-09 15:53:36.240 [main] DEBUG DbHelper.java:31 - Creating the data source
2018-Jul-09 15:53:36.255 [main] DEBUG DbHelper.java:38 - Executing Flyway (database migration)
2018-Jul-09 15:53:36.816 [AWT-EventQueue-0] DEBUG Main.java:26 - Starting application
2018-Jul-09 15:53:42.305 [Thread-2] DEBUG DbHelper.java:50 - Closing the data source
2018-Jul-09 15:55:24.064 [main] DEBUG DbHelper.java:31 - Creating the data source
2018-Jul-09 15:55:24.095 [main] DEBUG DbHelper.java:38 - Executing Flyway (database migration)
2018-Jul-09 15:55:24.644 [AWT-EventQueue-0] DEBUG Main.java:26 - Starting application
2018-Jul-09 15:55:38.424 [Thread-2] DEBUG DbHelper.java:50 - Closing the data source
2018-Jul-09 15:55:57.983 [main] DEBUG DbHelper.java:31 - Creating the data source
2018-Jul-09 15:55:58.014 [main] DEBUG DbHelper.java:38 - Executing Flyway (database migration)
2018-Jul-09 15:55:58.541 [AWT-EventQueue-0] DEBUG Main.java:26 - Starting application
2018-Jul-09 15:56:06.948 [Thread-2] DEBUG DbHelper.java:50 - Closing the data source
2018-Jul-09 15:56:31.055 [main] DEBUG DbHelper.java:31 - Creating the data source
2018-Jul-09 15:56:31.086 [main] DEBUG DbHelper.java:38 - Executing Flyway (database migration)
2018-Jul-09 15:56:46.236 [main] DEBUG DbHelper.java:31 - Creating the data source
2018-Jul-09 15:56:46.268 [main] DEBUG DbHelper.java:38 - Executing Flyway (database migration)
2018-Jul-09 15:56:46.872 [AWT-EventQueue-0] DEBUG Main.java:26 - Starting application
2018-Jul-09 15:56:51.905 [Thread-2] DEBUG DbHelper.java:50 - Closing the data source
2018-Jul-09 16:01:26.753 [main] DEBUG DbHelper.java:31 - Creating the data source
2018-Jul-09 16:01:26.784 [main] DEBUG DbHelper.java:38 - Executing Flyway (database migration)
2018-Jul-09 16:01:27.326 [AWT-EventQueue-0] DEBUG Main.java:26 - Starting application
2018-Jul-09 16:01:30.764 [Thread-2] DEBUG DbHelper.java:50 - Closing the data source
2018-Jul-09 16:03:28.836 [main] DEBUG DbHelper.java:31 - Creating the data source
2018-Jul-09 16:03:28.852 [main] DEBUG DbHelper.java:38 - Executing Flyway (database migration)
2018-Jul-09 16:03:29.420 [AWT-EventQueue-0] DEBUG Main.java:26 - Starting application
2018-Jul-09 16:03:35.437 [Thread-2] DEBUG DbHelper.java:50 - Closing the data source
2018-Jul-09 16:07:42.871 [main] DEBUG DbHelper.java:31 - Creating the data source
2018-Jul-09 16:07:42.887 [main] DEBUG DbHelper.java:38 - Executing Flyway (database migration)
2018-Jul-09 16:07:43.459 [AWT-EventQueue-0] DEBUG Main.java:26 - Starting application
2018-Jul-09 16:07:54.314 [Thread-2] DEBUG DbHelper.java:50 - Closing the data source
2018-Jul-09 16:11:53.934 [main] DEBUG DbHelper.java:31 - Creating the data source
2018-Jul-09 16:11:53.965 [main] DEBUG DbHelper.java:38 - Executing Flyway (database migration)
2018-Jul-09 16:11:54.522 [AWT-EventQueue-0] DEBUG Main.java:26 - Starting application
2018-Jul-09 16:11:56.983 [Thread-2] DEBUG DbHelper.java:50 - Closing the data source
2018-Jul-09 16:15:11.291 [main] DEBUG DbHelper.java:31 - Creating the data source
2018-Jul-09 16:15:11.306 [main] DEBUG DbHelper.java:38 - Executing Flyway (database migration)
2018-Jul-09 16:15:11.843 [AWT-EventQueue-0] DEBUG Main.java:26 - Starting application
2018-Jul-09 16:15:17.218 [Thread-2] DEBUG DbHelper.java:50 - Closing the data source
2018-Jul-09 16:16:33.170 [main] DEBUG DbHelper.java:31 - Creating the data source
2018-Jul-09 16:16:33.185 [main] DEBUG DbHelper.java:38 - Executing Flyway (database migration)
2018-Jul-09 16:16:33.770 [AWT-EventQueue-0] DEBUG Main.java:26 - Starting application
2018-Jul-09 16:16:42.225 [Thread-2] DEBUG DbHelper.java:50 - Closing the data source
2018-Jul-09 16:34:53.998 [main] DEBUG DbHelper.java:31 - Creating the data source
2018-Jul-09 16:34:54.029 [main] DEBUG DbHelper.java:38 - Executing Flyway (database migration)
2018-Jul-09 16:34:54.627 [AWT-EventQueue-0] DEBUG Main.java:26 - Starting application
2018-Jul-09 16:35:05.657 [Thread-2] DEBUG DbHelper.java:50 - Closing the data source
2018-Jul-10 09:34:17.956 [main] DEBUG DbHelper.java:31 - Creating the data source
2018-Jul-10 09:34:17.978 [main] DEBUG DbHelper.java:38 - Executing Flyway (database migration)
2018-Jul-10 09:34:18.583 [AWT-EventQueue-0] DEBUG Main.java:26 - Starting application
2018-Jul-10 09:34:41.791 [Thread-2] DEBUG DbHelper.java:50 - Closing the data source
2018-Jul-10 09:36:32.801 [main] DEBUG DbHelper.java:31 - Creating the data source
2018-Jul-10 09:36:32.823 [main] DEBUG DbHelper.java:38 - Executing Flyway (database migration)
2018-Jul-10 09:36:33.342 [AWT-EventQueue-0] DEBUG Main.java:26 - Starting application
2018-Jul-10 09:36:44.346 [Thread-2] DEBUG DbHelper.java:50 - Closing the data source
2018-Jul-10 09:37:10.292 [main] DEBUG DbHelper.java:31 - Creating the data source
2018-Jul-10 09:37:10.315 [main] DEBUG DbHelper.java:38 - Executing Flyway (database migration)
2018-Jul-10 09:37:10.873 [AWT-EventQueue-0] DEBUG Main.java:26 - Starting application
2018-Jul-10 09:37:18.801 [Thread-2] DEBUG DbHelper.java:50 - Closing the data source
2018-Jul-10 09:37:56.669 [main] DEBUG DbHelper.java:31 - Creating the data source
2018-Jul-10 09:37:56.699 [main] DEBUG DbHelper.java:38 - Executing Flyway (database migration)
2018-Jul-10 09:37:57.349 [AWT-EventQueue-0] DEBUG Main.java:26 - Starting application
2018-Jul-10 09:38:03.176 [Thread-2] DEBUG DbHelper.java:50 - Closing the data source
2018-Jul-10 09:55:44.554 [main] DEBUG DbHelper.java:31 - Creating the data source
2018-Jul-10 09:55:44.569 [main] DEBUG DbHelper.java:38 - Executing Flyway (database migration)
2018-Jul-10 09:55:45.114 [AWT-EventQueue-0] DEBUG Main.java:26 - Starting application
2018-Jul-10 09:55:56.946 [Thread-2] DEBUG DbHelper.java:50 - Closing the data source
2018-Jul-10 09:58:11.523 [main] DEBUG DbHelper.java:31 - Creating the data source
2018-Jul-10 09:58:11.538 [main] DEBUG DbHelper.java:38 - Executing Flyway (database migration)
2018-Jul-10 09:58:12.092 [AWT-EventQueue-0] DEBUG Main.java:26 - Starting application
2018-Jul-10 09:58:23.341 [Thread-2] DEBUG DbHelper.java:50 - Closing the data source
2018-Jul-10 10:10:52.116 [main] DEBUG DbHelper.java:31 - Creating the data source
2018-Jul-10 10:10:52.132 [main] DEBUG DbHelper.java:38 - Executing Flyway (database migration)
2018-Jul-10 10:10:52.741 [AWT-EventQueue-0] DEBUG Main.java:26 - Starting application
2018-Jul-10 10:11:53.299 [Thread-2] DEBUG DbHelper.java:50 - Closing the data source
2018-Jul-10 10:12:48.619 [main] DEBUG DbHelper.java:31 - Creating the data source
2018-Jul-10 10:12:48.635 [main] DEBUG DbHelper.java:38 - Executing Flyway (database migration)
2018-Jul-10 10:12:49.198 [AWT-EventQueue-0] DEBUG Main.java:26 - Starting application
2018-Jul-10 10:13:26.089 [Thread-2] DEBUG DbHelper.java:50 - Closing the data source
2018-Jul-10 10:19:57.978 [main] DEBUG DbHelper.java:31 - Creating the data source
2018-Jul-10 10:19:57.994 [main] DEBUG DbHelper.java:38 - Executing Flyway (database migration)
2018-Jul-10 10:19:58.533 [AWT-EventQueue-0] DEBUG Main.java:26 - Starting application
2018-Jul-10 10:20:59.354 [Thread-2] DEBUG DbHelper.java:50 - Closing the data source
2018-Jul-10 10:31:12.624 [main] DEBUG DbHelper.java:31 - Creating the data source
2018-Jul-10 10:31:12.655 [main] DEBUG DbHelper.java:38 - Executing Flyway (database migration)
2018-Jul-10 10:32:00.919 [main] DEBUG DbHelper.java:31 - Creating the data source
2018-Jul-10 10:32:00.934 [main] DEBUG DbHelper.java:38 - Executing Flyway (database migration)
2018-Jul-10 10:32:01.535 [AWT-EventQueue-0] DEBUG Main.java:26 - Starting application
2018-Jul-10 10:48:25.210 [main] DEBUG DbHelper.java:33 - Creating the data source
2018-Jul-10 10:48:25.241 [main] DEBUG DbHelper.java:51 - Executing Flyway (database migration)
2018-Jul-10 10:48:25.844 [AWT-EventQueue-0] DEBUG Main.java:26 - Starting application
2018-Jul-10 10:50:25.103 [Thread-2] DEBUG DbHelper.java:50 - Closing the data source
2018-Jul-10 10:50:29.382 [Thread-2] DEBUG DbHelper.java:63 - Closing the data source
2018-Jul-10 10:51:11.950 [main] DEBUG DbHelper.java:33 - Creating the data source
2018-Jul-10 10:51:11.965 [main] DEBUG DbHelper.java:51 - Executing Flyway (database migration)
2018-Jul-10 10:51:12.517 [AWT-EventQueue-0] DEBUG Main.java:20 - Starting application
2018-Jul-10 10:51:18.942 [Thread-2] DEBUG DbHelper.java:63 - Closing the data source
2018-Jul-10 11:19:57.494 [main] DEBUG DbHelper.java:33 - Creating the data source
2018-Jul-10 11:19:57.521 [main] DEBUG DbHelper.java:51 - Executing Flyway (database migration)
2018-Jul-10 11:19:57.970 [main] DEBUG DbHelper.java:33 - Creating the data source
2018-Jul-10 11:19:57.971 [main] DEBUG DbHelper.java:51 - Executing Flyway (database migration)
2018-Jul-10 11:19:58.018 [main] DEBUG DbHelper.java:63 - Closing the data source
2018-Jul-10 11:19:58.020 [main] DEBUG DbHelper.java:33 - Creating the data source
2018-Jul-10 11:19:58.021 [main] DEBUG DbHelper.java:51 - Executing Flyway (database migration)
2018-Jul-10 11:19:58.043 [main] DEBUG DbHelper.java:63 - Closing the data source
2018-Jul-10 11:47:56.996 [main] DEBUG DbHelper.java:33 - Creating the data source
2018-Jul-10 11:47:57.036 [main] DEBUG DbHelper.java:51 - Executing Flyway (database migration)
2018-Jul-10 11:47:57.535 [main] DEBUG DbHelper.java:33 - Creating the data source
2018-Jul-10 11:47:57.536 [main] DEBUG DbHelper.java:51 - Executing Flyway (database migration)
2018-Jul-10 11:47:57.579 [main] DEBUG DbHelper.java:63 - Closing the data source
2018-Jul-10 11:47:57.581 [main] DEBUG DbHelper.java:33 - Creating the data source
2018-Jul-10 11:47:57.582 [main] DEBUG DbHelper.java:51 - Executing Flyway (database migration)
2018-Jul-10 11:47:57.637 [main] DEBUG DbHelper.java:63 - Closing the data source
2018-Jul-10 11:53:51.147 [main] DEBUG DbHelper.java:33 - Creating the data source
2018-Jul-10 11:53:51.174 [main] DEBUG DbHelper.java:51 - Executing Flyway (database migration)
2018-Jul-10 11:53:51.614 [main] DEBUG DbHelper.java:33 - Creating the data source
2018-Jul-10 11:53:51.615 [main] DEBUG DbHelper.java:51 - Executing Flyway (database migration)
2018-Jul-10 11:53:51.662 [main] DEBUG DbHelper.java:63 - Closing the data source
2018-Jul-10 11:53:51.664 [main] DEBUG DbHelper.java:33 - Creating the data source
2018-Jul-10 11:53:51.665 [main] DEBUG DbHelper.java:51 - Executing Flyway (database migration)
2018-Jul-10 11:53:51.763 [main] DEBUG DbHelper.java:63 - Closing the data source
2018-Jul-10 12:10:21.066 [main] DEBUG DbHelper.java:33 - Creating the data source
2018-Jul-10 12:10:21.105 [main] DEBUG DbHelper.java:51 - Executing Flyway (database migration)
2018-Jul-10 12:10:21.539 [main] DEBUG DbHelper.java:33 - Creating the data source
2018-Jul-10 12:10:21.539 [main] DEBUG DbHelper.java:51 - Executing Flyway (database migration)
2018-Jul-10 12:10:21.586 [main] DEBUG DbHelper.java:63 - Closing the data source
2018-Jul-10 12:10:21.586 [main] DEBUG DbHelper.java:33 - Creating the data source
2018-Jul-10 12:10:21.586 [main] DEBUG DbHelper.java:51 - Executing Flyway (database migration)
2018-Jul-10 12:10:21.699 [main] DEBUG DbHelper.java:63 - Closing the data source
2018-Jul-10 13:14:04.363 [main] DEBUG DbHelper.java:33 - Creating the data source
2018-Jul-10 13:14:04.394 [main] DEBUG DbHelper.java:51 - Executing Flyway (database migration)
2018-Jul-10 13:14:04.861 [main] DEBUG DbHelper.java:33 - Creating the data source
2018-Jul-10 13:14:04.861 [main] DEBUG DbHelper.java:51 - Executing Flyway (database migration)
2018-Jul-10 13:14:04.892 [main] DEBUG DbHelper.java:63 - Closing the data source
2018-Jul-10 13:14:04.908 [main] DEBUG DbHelper.java:33 - Creating the data source
2018-Jul-10 13:14:04.908 [main] DEBUG DbHelper.java:51 - Executing Flyway (database migration)
2018-Jul-10 13:14:04.924 [main] DEBUG DbHelper.java:63 - Closing the data source
2018-Jul-11 13:27:35.213 [main] DEBUG DbHelper.java:33 - Creating the data source
2018-Jul-11 13:27:35.229 [main] DEBUG DbHelper.java:51 - Executing Flyway (database migration)
2018-Jul-11 13:27:36.049 [AWT-EventQueue-0] DEBUG Main.java:20 - Starting application
2018-Jul-11 13:28:21.873 [Thread-2] DEBUG DbHelper.java:63 - Closing the data source
2018-Jul-11 13:30:47.332 [main] DEBUG DbHelper.java:33 - Creating the data source
2018-Jul-11 13:30:47.347 [main] DEBUG DbHelper.java:51 - Executing Flyway (database migration)
2018-Jul-11 13:30:47.926 [AWT-EventQueue-0] DEBUG Main.java:20 - Starting application
2018-Jul-11 13:30:58.588 [Thread-2] DEBUG DbHelper.java:63 - Closing the data source
2018-Jul-31 16:49:12.027 [main] DEBUG DbHelper.java:33 - Creating the data source
2018-Jul-31 16:49:12.043 [main] DEBUG DbHelper.java:51 - Executing Flyway (database migration)
2018-Jul-31 16:49:12.717 [AWT-EventQueue-0] DEBUG Main.java:20 - Starting application
2018-Jul-31 16:49:23.082 [Thread-2] DEBUG DbHelper.java:63 - Closing the data source
2018-Aug-01 11:24:38.450 [main] DEBUG DbHelper.java:33 - Creating the data source
2018-Aug-01 11:24:38.481 [main] DEBUG DbHelper.java:51 - Executing Flyway (database migration)
2018-Aug-01 11:24:39.103 [AWT-EventQueue-0] DEBUG Main.java:20 - Starting application
2018-Aug-01 11:24:49.206 [Thread-2] DEBUG DbHelper.java:63 - Closing the data source
2018-Aug-06 11:03:27.835 [main] DEBUG DbHelper.java:33 - Creating the data source
2018-Aug-06 11:03:27.850 [main] DEBUG DbHelper.java:51 - Executing Flyway (database migration)
2018-Aug-06 11:03:28.477 [AWT-EventQueue-0] DEBUG Main.java:20 - Starting application
2018-Aug-06 11:22:14.863 [Thread-2] DEBUG DbHelper.java:63 - Closing the data source
